<?xml version="1.0" encoding="utf-8"?><testsuites name="pytest tests"><testsuite name="pytest" errors="0" failures="1" skipped="0" tests="19" time="30.262" timestamp="2026-05-09T09:42:13.375613+00:00" hostname="agent-env-fbc307a0-967c-4780-8b70-abb5d757e3eb"><testcase classname="backend.tests.test_iteration3" name="test_root_hello" time="0.144" /><testcase classname="backend.tests.test_iteration3" name="test_avatar_ok[maya]" time="0.090" /><testcase classname="backend.tests.test_iteration3" name="test_avatar_ok[sofia]" time="0.057" /><testcase classname="backend.tests.test_iteration3" name="test_avatar_ok[aria]" time="0.055" /><testcase classname="backend.tests.test_iteration3" name="test_avatar_unknown_404" time="0.051" /><testcase classname="backend.tests.test_iteration3" name="test_chat_continues_session" time="5.466" /><testcase classname="backend.tests.test_iteration3" name="test_chat_get_session_history" time="0.057" /><testcase classname="backend.tests.test_iteration3" name="test_chat_unknown_avatar_404" time="0.049" /><testcase classname="backend.tests.test_iteration3" name="test_profile_extract_then_get" time="2.472" /><testcase classname="backend.tests.test_iteration3" name="test_profile_put_persists" time="0.100" /><testcase classname="backend.tests.test_iteration3" name="test_jobs_match" time="0.053" /><testcase classname="backend.tests.test_iteration3" name="test_interview_full_flow" time="20.319" /><testcase classname="backend.tests.test_iteration3" name="test_interview_get_persisted" time="0.053" /><testcase classname="backend.tests.test_iteration3" name="test_checkout_unknown_item_404" time="0.054" /><testcase classname="backend.tests.test_iteration3" name="test_payments_status" time="0.818"><failure message="AssertionError: {&quot;detail&quot;:&quot;Stripe error: Failed to retrieve session status: Request req_zBGRnwXScP5ljD: No such checkout.session: cs_test_a1zo7XaLIrtqOSX8FpctLeZsp04GzTXMZkZPoLYPNEKHpA3N9Qc3kIRNvP&quot;}&#10;assert 502 == 200&#10; +  where 502 = &lt;Response [502]&gt;.status_code">backend/tests/test_iteration3.py:280: in test_payments_status
    assert r.status_code == 200, r.text
E   AssertionError: {"detail":"Stripe error: Failed to retrieve session status: Request req_zBGRnwXScP5ljD: No such checkout.session: cs_test_a1zo7XaLIrtqOSX8FpctLeZsp04GzTXMZkZPoLYPNEKHpA3N9Qc3kIRNvP"}
E   assert 502 == 200
E    +  where 502 = &lt;Response [502]&gt;.status_code</failure></testcase><testcase classname="backend.tests.test_iteration3" name="test_voice_status" time="0.053" /><testcase classname="backend.tests.test_iteration3" name="test_voice_tts_disabled_501" time="0.050" /><testcase classname="backend.tests.test_iteration3" name="test_saved_jobs_crud" time="0.153" /><testcase classname="backend.tests.test_iteration3" name="test_purchases_lists_pending" time="0.052" /></testsuite></testsuites>