<?xml version="1.0" encoding="utf-8"?><testsuites name="pytest tests"><testsuite name="pytest" errors="0" failures="0" skipped="0" tests="8" time="23.997" timestamp="2026-05-09T10:20:43.854058+00:00" hostname="agent-env-fbc307a0-967c-4780-8b70-abb5d757e3eb"><testcase classname="backend.tests.test_i18n_chat" name="test_chat_english_intro[sofia]" time="2.022" /><testcase classname="backend.tests.test_i18n_chat" name="test_chat_english_intro[maya]" time="1.609" /><testcase classname="backend.tests.test_i18n_chat" name="test_chat_english_intro[aria]" time="2.028" /><testcase classname="backend.tests.test_i18n_chat" name="test_chat_romanian_intro[sofia]" time="2.882" /><testcase classname="backend.tests.test_i18n_chat" name="test_chat_romanian_intro[maya]" time="2.999" /><testcase classname="backend.tests.test_i18n_chat" name="test_chat_romanian_intro[aria]" time="4.413" /><testcase classname="backend.tests.test_i18n_chat" name="test_chat_default_lang_is_english" time="1.897" /><testcase classname="backend.tests.test_i18n_chat" name="test_chat_romanian_user_message" time="5.996" /></testsuite></testsuites>