<?xml version="1.0" encoding="utf-8"?><testsuites name="pytest tests"><testsuite name="pytest" errors="0" failures="0" skipped="0" tests="22" time="26.293" timestamp="2026-05-09T09:50:14.079528+00:00" hostname="agent-env-fbc307a0-967c-4780-8b70-abb5d757e3eb"><testcase classname="backend.tests.test_iteration3" name="test_root_hello" time="0.267" /><testcase classname="backend.tests.test_iteration3" name="test_avatar_ok[maya]" time="0.089" /><testcase classname="backend.tests.test_iteration3" name="test_avatar_ok[sofia]" time="0.051" /><testcase classname="backend.tests.test_iteration3" name="test_avatar_ok[aria]" time="0.050" /><testcase classname="backend.tests.test_iteration3" name="test_avatar_unknown_404" time="0.044" /><testcase classname="backend.tests.test_iteration3" name="test_chat_continues_session" time="4.974" /><testcase classname="backend.tests.test_iteration3" name="test_chat_get_session_history" time="0.047" /><testcase classname="backend.tests.test_iteration3" name="test_chat_unknown_avatar_404" time="0.042" /><testcase classname="backend.tests.test_iteration3" name="test_profile_extract_then_get" time="2.208" /><testcase classname="backend.tests.test_iteration3" name="test_profile_put_persists" time="0.088" /><testcase classname="backend.tests.test_iteration3" name="test_jobs_match" time="0.047" /><testcase classname="backend.tests.test_iteration3" name="test_interview_full_flow" time="16.554" /><testcase classname="backend.tests.test_iteration3" name="test_interview_get_persisted" time="0.044" /><testcase classname="backend.tests.test_iteration3" name="test_checkout_unknown_item_404" time="0.044" /><testcase classname="backend.tests.test_iteration3" name="test_payments_status" time="0.792" /><testcase classname="backend.tests.test_iteration3" name="test_payments_status_unknown_404" time="0.225" /><testcase classname="backend.tests.test_iteration3" name="test_payments_confirm_marks_paid" time="0.257" /><testcase classname="backend.tests.test_iteration3" name="test_payments_confirm_unknown_404" time="0.045" /><testcase classname="backend.tests.test_iteration3" name="test_voice_status" time="0.043" /><testcase classname="backend.tests.test_iteration3" name="test_voice_tts_disabled_501" time="0.045" /><testcase classname="backend.tests.test_iteration3" name="test_saved_jobs_crud" time="0.185" /><testcase classname="backend.tests.test_iteration3" name="test_purchases_lists_pending" time="0.045" /></testsuite></testsuites>