<?xml version="1.0" encoding="utf-8"?><testsuites name="pytest tests"><testsuite name="pytest" errors="0" failures="0" skipped="0" tests="6" time="0.656" timestamp="2026-05-09T08:45:52.019216+00:00" hostname="agent-env-fbc307a0-967c-4780-8b70-abb5d757e3eb"><testcase classname="test_api.TestRoot" name="test_root_returns_hello_world" time="0.227" /><testcase classname="test_api.TestAvatars" name="test_avatar_returns_png[maya]" time="0.083" /><testcase classname="test_api.TestAvatars" name="test_avatar_returns_png[sofia]" time="0.049" /><testcase classname="test_api.TestAvatars" name="test_avatar_returns_png[aria]" time="0.048" /><testcase classname="test_api.TestAvatars" name="test_invalid_avatar_name" time="0.041" /><testcase classname="test_api.TestStatus" name="test_status_get" time="0.048" /></testsuite></testsuites>