<?xml version="1.0" encoding="utf-8"?><testsuites name="pytest tests"><testsuite name="pytest" errors="0" failures="0" skipped="0" tests="11" time="1.154" timestamp="2026-05-09T09:16:45.315012+00:00" hostname="agent-env-fbc307a0-967c-4780-8b70-abb5d757e3eb"><testcase classname="backend.tests.test_revolo_api" name="test_root" time="0.239" /><testcase classname="backend.tests.test_revolo_api" name="test_avatar_image[maya]" time="0.089" /><testcase classname="backend.tests.test_revolo_api" name="test_avatar_image[sofia]" time="0.052" /><testcase classname="backend.tests.test_revolo_api" name="test_avatar_image[aria]" time="0.048" /><testcase classname="backend.tests.test_revolo_api" name="test_avatar_unknown" time="0.050" /><testcase classname="backend.tests.test_revolo_api" name="test_chat_each[maya]" time="0.046" /><testcase classname="backend.tests.test_revolo_api" name="test_chat_each[sofia]" time="0.044" /><testcase classname="backend.tests.test_revolo_api" name="test_chat_each[aria]" time="0.045" /><testcase classname="backend.tests.test_revolo_api" name="test_chat_unknown_404" time="0.045" /><testcase classname="backend.tests.test_revolo_api" name="test_purchase_create_and_get" time="0.113" /><testcase classname="backend.tests.test_revolo_api" name="test_saved_jobs_flow" time="0.203" /></testsuite></testsuites>